# JRE version: Java(TM) SE Runtime Environment (7.0_80-b15) (build 1.7.0_80-b15)
# Java VM: Java HotSpot(TM) 64-Bit Server VM (24.80-b11 mixed mode windows-amd64 compressed oops)
Heap
 PSYoungGen      total 145920K, used 35334K [0x00000000eaa80000, 0x00000000f9980000, 0x0000000100000000)
  eden space 121344K, 27% used [0x00000000eaa80000,0x00000000ecb935e8,0x00000000f2100000)
  from space 24576K, 5% used [0x00000000f2100000,0x00000000f226e480,0x00000000f3900000)
  to   space 40448K, 0% used [0x00000000f7200000,0x00000000f7200000,0x00000000f9980000)
 ParOldGen       total 156160K, used 84333K [0x00000000c0000000, 0x00000000c9880000, 0x00000000eaa80000)
  object space 156160K, 54% used [0x00000000c0000000,0x00000000c525b6e8,0x00000000c9880000)
 PSPermGen       total 21504K, used 5711K [0x00000000bae00000, 0x00000000bc300000, 0x00000000c0000000)
  object space 21504K, 26% used [0x00000000bae00000,0x00000000bb393f20,0x00000000bc300000)
GC Heap History (10 events):
Event: 3.454 GC heap before
{Heap before GC invocations=5 (full 0):
 PSYoungGen      total 68096K, used 68086K [0x00000000eaa80000, 0x00000000eef80000, 0x0000000100000000)
  eden space 65536K, 100% used [0x00000000eaa80000,0x00000000eea80000,0x00000000eea80000)
  from space 2560K, 99% used [0x00000000eed00000,0x00000000eef7d950,0x00000000eef80000)
  to   space 2560K, 0% used [0x00000000eea80000,0x00000000eea80000,0x00000000eed00000)
 ParOldGen       total 42496K, used 17318K [0x00000000c0000000, 0x00000000c2980000, 0x00000000eaa80000)
  object space 42496K, 40% used [0x00000000c0000000,0x00000000c10e9ab0,0x00000000c2980000)
 PSPermGen       total 21504K, used 5638K [0x00000000bae00000, 0x00000000bc300000, 0x00000000c0000000)
  object space 21504K, 26% used [0x00000000bae00000,0x00000000bb381bb8,0x00000000bc300000)
Event: 3.491 GC heap after
Heap after GC invocations=5 (full 0):
 PSYoungGen      total 68096K, used 2551K [0x00000000eaa80000, 0x00000000f4780000, 0x0000000100000000)
  eden space 65536K, 0% used [0x00000000eaa80000,0x00000000eaa80000,0x00000000eea80000)
  from space 2560K, 99% used [0x00000000eea80000,0x00000000eecfde78,0x00000000eed00000)
  to   space 14848K, 0% used [0x00000000f3900000,0x00000000f3900000,0x00000000f4780000)
 ParOldGen       total 42496K, used 29000K [0x00000000c0000000, 0x00000000c2980000, 0x00000000eaa80000)
  object space 42496K, 68% used [0x00000000c0000000,0x00000000c1c52390,0x00000000c2980000)
 PSPermGen       total 21504K, used 5638K [0x00000000bae00000, 0x00000000bc300000, 0x00000000c0000000)
  object space 21504K, 26% used [0x00000000bae00000,0x00000000bb381bb8,0x00000000bc300000)
}
Event: 4.766 GC heap before
{Heap before GC invocations=6 (full 0):
 PSYoungGen      total 68096K, used 68087K [0x00000000eaa80000, 0x00000000f4780000, 0x0000000100000000)
  eden space 65536K, 100% used [0x00000000eaa80000,0x00000000eea80000,0x00000000eea80000)
  from space 2560K, 99% used [0x00000000eea80000,0x00000000eecfde78,0x00000000eed00000)
  to   space 14848K, 0% used [0x00000000f3900000,0x00000000f3900000,0x00000000f4780000)
 ParOldGen       total 42496K, used 29000K [0x00000000c0000000, 0x00000000c2980000, 0x00000000eaa80000)
  object space 42496K, 68% used [0x00000000c0000000,0x00000000c1c52390,0x00000000c2980000)
 PSPermGen       total 21504K, used 5681K [0x00000000bae00000, 0x00000000bc300000, 0x00000000c0000000)
  object space 21504K, 26% used [0x00000000bae00000,0x00000000bb38c558,0x00000000bc300000)
Event: 4.822 GC heap after
Heap after GC invocations=6 (full 0):
 PSYoungGen      total 136192K, used 14837K [0x00000000eaa80000, 0x00000000f5a80000, 0x0000000100000000)
  eden space 121344K, 0% used [0x00000000eaa80000,0x00000000eaa80000,0x00000000f2100000)
  from space 14848K, 99% used [0x00000000f3900000,0x00000000f477d5b8,0x00000000f4780000)
  to   space 24576K, 0% used [0x00000000f2100000,0x00000000f2100000,0x00000000f3900000)
 ParOldGen       total 42496K, used 41784K [0x00000000c0000000, 0x00000000c2980000, 0x00000000eaa80000)
  object space 42496K, 98% used [0x00000000c0000000,0x00000000c28ce3f0,0x00000000c2980000)
 PSPermGen       total 21504K, used 5681K [0x00000000bae00000, 0x00000000bc300000, 0x00000000c0000000)
  object space 21504K, 26% used [0x00000000bae00000,0x00000000bb38c558,0x00000000bc300000)
}
Event: 4.822 GC heap before
{Heap before GC invocations=7 (full 1):
 PSYoungGen      total 136192K, used 14837K [0x00000000eaa80000, 0x00000000f5a80000, 0x0000000100000000)
  eden space 121344K, 0% used [0x00000000eaa80000,0x00000000eaa80000,0x00000000f2100000)
  from space 14848K, 99% used [0x00000000f3900000,0x00000000f477d5b8,0x00000000f4780000)
  to   space 24576K, 0% used [0x00000000f2100000,0x00000000f2100000,0x00000000f3900000)
 ParOldGen       total 42496K, used 41784K [0x00000000c0000000, 0x00000000c2980000, 0x00000000eaa80000)
  object space 42496K, 98% used [0x00000000c0000000,0x00000000c28ce3f0,0x00000000c2980000)
 PSPermGen       total 21504K, used 5681K [0x00000000bae00000, 0x00000000bc300000, 0x00000000c0000000)
  object space 21504K, 26% used [0x00000000bae00000,0x00000000bb38c558,0x00000000bc300000)
Event: 5.202 GC heap after
Heap after GC invocations=7 (full 1):
 PSYoungGen      total 136192K, used 8039K [0x00000000eaa80000, 0x00000000f5a80000, 0x0000000100000000)
  eden space 121344K, 0% used [0x00000000eaa80000,0x00000000eaa80000,0x00000000f2100000)
  from space 14848K, 54% used [0x00000000f3900000,0x00000000f40d9ea0,0x00000000f4780000)
  to   space 24576K, 0% used [0x00000000f2100000,0x00000000f2100000,0x00000000f3900000)
 ParOldGen       total 84480K, used 42103K [0x00000000c0000000, 0x00000000c5280000, 0x00000000eaa80000)
  object space 84480K, 49% used [0x00000000c0000000,0x00000000c291dd08,0x00000000c5280000)
 PSPermGen       total 21504K, used 5677K [0x00000000bae00000, 0x00000000bc300000, 0x00000000c0000000)
  object space 21504K, 26% used [0x00000000bae00000,0x00000000bb38b648,0x00000000bc300000)
}
Event: 6.202 GC heap before
{Heap before GC invocations=8 (full 1):
 PSYoungGen      total 136192K, used 129383K [0x00000000eaa80000, 0x00000000f5a80000, 0x0000000100000000)
  eden space 121344K, 100% used [0x00000000eaa80000,0x00000000f2100000,0x00000000f2100000)
  from space 14848K, 54% used [0x00000000f3900000,0x00000000f40d9ea0,0x00000000f4780000)
  to   space 24576K, 0% used [0x00000000f2100000,0x00000000f2100000,0x00000000f3900000)
 ParOldGen       total 84480K, used 42103K [0x00000000c0000000, 0x00000000c5280000, 0x00000000eaa80000)
  object space 84480K, 49% used [0x00000000c0000000,0x00000000c291dd08,0x00000000c5280000)
 PSPermGen       total 21504K, used 5704K [0x00000000bae00000, 0x00000000bc300000, 0x00000000c0000000)
  object space 21504K, 26% used [0x00000000bae00000,0x00000000bb392388,0x00000000bc300000)
Event: 6.251 GC heap after
Heap after GC invocations=8 (full 1):
 PSYoungGen      total 145920K, used 24545K [0x00000000eaa80000, 0x00000000f9980000, 0x0000000100000000)
  eden space 121344K, 0% used [0x00000000eaa80000,0x00000000eaa80000,0x00000000f2100000)
  from space 24576K, 99% used [0x00000000f2100000,0x00000000f38f8670,0x00000000f3900000)
  to   space 40448K, 0% used [0x00000000f7200000,0x00000000f7200000,0x00000000f9980000)
 ParOldGen       total 84480K, used 64095K [0x00000000c0000000, 0x00000000c5280000, 0x00000000eaa80000)
  object space 84480K, 75% used [0x00000000c0000000,0x00000000c3e97dc0,0x00000000c5280000)
 PSPermGen       total 21504K, used 5704K [0x00000000bae00000, 0x00000000bc300000, 0x00000000c0000000)
  object space 21504K, 26% used [0x00000000bae00000,0x00000000bb392388,0x00000000bc300000)
}
Event: 6.251 GC heap before
{Heap before GC invocations=9 (full 2):
 PSYoungGen      total 145920K, used 24545K [0x00000000eaa80000, 0x00000000f9980000, 0x0000000100000000)
  eden space 121344K, 0% used [0x00000000eaa80000,0x00000000eaa80000,0x00000000f2100000)
  from space 24576K, 99% used [0x00000000f2100000,0x00000000f38f8670,0x00000000f3900000)
  to   space 40448K, 0% used [0x00000000f7200000,0x00000000f7200000,0x00000000f9980000)
 ParOldGen       total 84480K, used 64095K [0x00000000c0000000, 0x00000000c5280000, 0x00000000eaa80000)
  object space 84480K, 75% used [0x00000000c0000000,0x00000000c3e97dc0,0x00000000c5280000)
 PSPermGen       total 21504K, used 5704K [0x00000000bae00000, 0x00000000bc300000, 0x00000000c0000000)
  object space 21504K, 26% used [0x00000000bae00000,0x00000000bb392388,0x00000000bc300000)
Event: 6.800 GC heap after
Heap after GC invocations=9 (full 2):
 PSYoungGen      total 145920K, used 1465K [0x00000000eaa80000, 0x00000000f9980000, 0x0000000100000000)
  eden space 121344K, 0% used [0x00000000eaa80000,0x00000000eaa80000,0x00000000f2100000)
  from space 24576K, 5% used [0x00000000f2100000,0x00000000f226e480,0x00000000f3900000)
  to   space 40448K, 0% used [0x00000000f7200000,0x00000000f7200000,0x00000000f9980000)
 ParOldGen       total 156160K, used 84333K [0x00000000c0000000, 0x00000000c9880000, 0x00000000eaa80000)
  object space 156160K, 54% used [0x00000000c0000000,0x00000000c525b6e8,0x00000000c9880000)
 PSPermGen       total 21504K, used 5704K [0x00000000bae00000, 0x00000000bc300000, 0x00000000c0000000)
  object space 21504K, 26% used [0x00000000bae00000,0x00000000bb392248,0x00000000bc300000)
}

